<?xml version="1.0" encoding="UTF-8"?>
<!-- Generated by org.testng.reporters.JUnitReportReporter -->
<testsuite hostname="DESKTOP-B3C9E0N" failures="0" tests="3" name="testcases.TC02_CreateBooking" time="3.421" errors="0" timestamp="2025-01-06T12:25:52 EET" skipped="0">
  <testcase classname="testcases.TC02_CreateBooking" name="createbookingwithinvalidmethod_N" time="1.166"/>
  <system-out/>
  <testcase classname="testcases.TC02_CreateBooking" name="createbookingwithinvalidpayload_N" time="1.140"/>
  <system-out/>
  <testcase classname="testcases.TC02_CreateBooking" name="createbookingwithinvalidpath_N" time="1.115"/>
  <system-out/>
</testsuite> <!-- testcases.TC02_CreateBooking -->
