<?xml version="1.0" encoding="UTF-8"?>
<!-- Generated by org.testng.reporters.JUnitReportReporter -->
<testsuite hostname="DESKTOP-B3C9E0N" failures="0" tests="2" name="testcases.TC03_UpdateBooking" time="2.234" errors="0" timestamp="2025-01-05T22:27:28 EET" skipped="0">
  <testcase classname="testcases.TC03_UpdateBooking" name="updateallbooking_P" time="1.160"/>
  <system-out/>
  <testcase classname="testcases.TC03_UpdateBooking" name="partialupdateforfirstlastname_P" time="1.074"/>
  <system-out/>
</testsuite> <!-- testcases.TC03_UpdateBooking -->
