<?xml version="1.0" encoding="UTF-8"?>
<!-- Generated by org.testng.reporters.JUnitReportReporter -->
<testsuite hostname="DESKTOP-B3C9E0N" failures="0" tests="4" name="testcases.TC03_UpdateBooking" time="4.884" errors="0" timestamp="2025-01-06T14:53:56 EET" skipped="0">
  <testcase classname="testcases.TC03_UpdateBooking" name="updateallbooking_P" time="1.211"/>
  <system-out/>
  <testcase classname="testcases.TC03_UpdateBooking" name="partialupdateforfirstlastname_P" time="1.155"/>
  <system-out/>
  <testcase classname="testcases.TC03_UpdateBooking" name="updatewithinvalidmethod_N" time="1.369"/>
  <system-out/>
  <testcase classname="testcases.TC03_UpdateBooking" name="updatebookingwithinvalidpath_N" time="1.149"/>
  <system-out/>
</testsuite> <!-- testcases.TC03_UpdateBooking -->
