<?xml version="1.0" encoding="UTF-8"?>
<!-- Generated by org.testng.reporters.JUnitReportReporter -->
<testsuite hostname="DESKTOP-B3C9E0N" failures="0" tests="3" name="testcases.TC01_CreateToken" time="5.357" errors="0" timestamp="2025-01-06T12:25:52 EET" skipped="0">
  <testcase classname="testcases.TC01_CreateToken" name="createtokenwithinvalidmethod" time="2.752"/>
  <system-out/>
  <testcase classname="testcases.TC01_CreateToken" name="createtokenwithinvalidcredentials_N" time="1.539"/>
  <system-out/>
  <testcase classname="testcases.TC01_CreateToken" name="createtokenwithinvalidpath_N" time="1.066"/>
  <system-out/>
</testsuite> <!-- testcases.TC01_CreateToken -->
