<?xml version="1.0" encoding="UTF-8"?>
<!-- Generated by org.testng.reporters.JUnitReportReporter -->
<testsuite hostname="DESKTOP-B3C9E0N" failures="0" tests="4" name="testcases.TC01_CreateToken" time="6.236" errors="0" timestamp="2025-01-06T14:53:56 EET" skipped="0">
  <testcase classname="testcases.TC01_CreateToken" name="createtokenwithvaliddata_P" time="2.776"/>
  <system-out/>
  <testcase classname="testcases.TC01_CreateToken" name="createtokenwithinvalidmethod" time="1.182"/>
  <system-out/>
  <testcase classname="testcases.TC01_CreateToken" name="createtokenwithinvalidcredentials_N" time="1.144"/>
  <system-out/>
  <testcase classname="testcases.TC01_CreateToken" name="createtokenwithinvalidpath_N" time="1.134"/>
  <system-out/>
</testsuite> <!-- testcases.TC01_CreateToken -->
