<?xml version="1.0" encoding="UTF-8"?>
<!-- Generated by org.testng.reporters.JUnitReportReporter -->
<testsuite hostname="DESKTOP-B3C9E0N" failures="0" tests="1" name="testcases.TC01_CreateToken" time="2.464" errors="0" timestamp="2025-01-05T22:27:28 EET" skipped="0">
  <testcase classname="testcases.TC01_CreateToken" name="createtokenwithvaliddata_P" time="2.464"/>
  <system-out/>
</testsuite> <!-- testcases.TC01_CreateToken -->
