<?xml version="1.0" encoding="UTF-8"?>
<!-- Generated by org.testng.reporters.JUnitReportReporter -->
<testsuite hostname="DESKTOP-B3C9E0N" failures="0" tests="4" name="testcases.TC02_CreateBooking" time="4.576" errors="0" timestamp="2025-01-06T14:53:56 EET" skipped="0">
  <testcase classname="testcases.TC02_CreateBooking" name="createbookingwithvaliddata_P" time="1.170"/>
  <system-out/>
  <testcase classname="testcases.TC02_CreateBooking" name="createbookingwithinvalidmethod_N" time="1.199"/>
  <system-out/>
  <testcase classname="testcases.TC02_CreateBooking" name="createbookingwithinvalidpayload_N" time="1.108"/>
  <system-out/>
  <testcase classname="testcases.TC02_CreateBooking" name="createbookingwithinvalidpath_N" time="1.099"/>
  <system-out/>
</testsuite> <!-- testcases.TC02_CreateBooking -->
