<?xml version="1.0" encoding="UTF-8"?>
<!-- Generated by org.testng.reporters.JUnitReportReporter -->
<testsuite hostname="DESKTOP-B3C9E0N" failures="0" tests="1" name="testcases.TC02_CreateBooking" time="1.104" errors="0" timestamp="2025-01-05T22:27:28 EET" skipped="0">
  <testcase classname="testcases.TC02_CreateBooking" name="createbookingwithvaliddata_P" time="1.104"/>
  <system-out/>
</testsuite> <!-- testcases.TC02_CreateBooking -->
