<?xml version="1.0" encoding="UTF-8"?>
<!-- Generated by org.testng.reporters.JUnitReportReporter -->
<testsuite hostname="DESKTOP-B3C9E0N" failures="0" tests="1" name="testcases.TC04_DeleteBooking" time="1.112" errors="0" timestamp="2025-01-06T14:53:56 EET" skipped="0">
  <testcase classname="testcases.TC04_DeleteBooking" name="deletebookingwithvaliddata_P" time="1.112"/>
  <system-out/>
</testsuite> <!-- testcases.TC04_DeleteBooking -->
